#
# There is insufficient memory for the Java Runtime Environment to continue.
# Native memory allocation (mmap) failed to map 266338304 bytes for G1 virtual space
# Possible reasons:
#   The system is out of physical RAM or swap space
#   The process is running with CompressedOops enabled, and the Java Heap may be blocking the growth of the native heap
# Possible solutions:
#   Reduce memory load on the system
#   Increase physical memory or swap space
#   Check if swap backing store is full
#   Decrease Java heap size (-Xmx/-Xms)
#   Decrease number of Java threads
#   Decrease Java thread stack sizes (-Xss)
#   Set larger code cache with -XX:ReservedCodeCacheSize=
#   JVM is running with Zero Based Compressed Oops mode in which the Java heap is
#     placed in the first 32GB address space. The Java Heap base address is the
#     maximum limit for the native heap growth. Please use -XX:HeapBaseMinAddress
#     to set the Java Heap base and to place the Java Heap above 32GB virtual address.
# This output file may be truncated or incomplete.
#
#  Out of Memory Error (os_windows.cpp:3530), pid=53808, tid=51120
#
# JRE version:  (18.0.2+9) (build )
# Java VM: OpenJDK 64-Bit Server VM (18.0.2+9-FR, mixed mode, sharing, tiered, compressed oops, compressed class ptrs, g1 gc, windows-amd64)
# No core dump will be written. Minidumps are not enabled by default on client versions of Windows
#

---------------  S U M M A R Y ------------

Command Line: -javaagent:D:\idea\IntelliJ IDEA 2021.3.2\lib\idea_rt.jar=7047:D:\idea\IntelliJ IDEA 2021.3.2\bin -Dfile.encoding=UTF-8 com.indexss.Client

Host: 11th Gen Intel(R) Core(TM) i7-11800H @ 2.30GHz, 16 cores, 15G,  Windows 11 , 64 bit Build 22621 (10.0.22621.891)
Time: Sat Nov 19 16:46:09 2022  Windows 11 , 64 bit Build 22621 (10.0.22621.891) elapsed time: 0.010184 seconds (0d 0h 0m 0s)

---------------  T H R E A D  ---------------

Current thread (0x0000022029d77dc0):  JavaThread "Unknown thread" [_thread_in_vm, id=51120, stack(0x000000b5e0d00000,0x000000b5e0e00000)]

Stack: [0x000000b5e0d00000,0x000000b5e0e00000]
Native frames: (J=compiled Java code, j=interpreted, Vv=VM code, C=native code)
V  [jvm.dll+0x685a2a]
V  [jvm.dll+0x82ae8d]
V  [jvm.dll+0x82c75e]
V  [jvm.dll+0x82ce03]
V  [jvm.dll+0x25ef4b]
V  [jvm.dll+0x6828ca]
V  [jvm.dll+0x67745a]
V  [jvm.dll+0x3243f9]
V  [jvm.dll+0x32ba86]
V  [jvm.dll+0x37e00a]
V  [jvm.dll+0x37e24f]
V  [jvm.dll+0x2fb50a]
V  [jvm.dll+0x2fc581]
V  [jvm.dll+0x7fb300]
V  [jvm.dll+0x38af71]
V  [jvm.dll+0x7dab95]
V  [jvm.dll+0x4058f3]
V  [jvm.dll+0x4072b1]
C  [jli.dll+0x519f]
C  [ucrtbase.dll+0x29363]
C  [KERNEL32.DLL+0x1244d]
C  [ntdll.dll+0x5dfb8]


---------------  P R O C E S S  ---------------

Threads class SMR info:
_java_thread_list=0x00007ffe5beb9610, length=0, elements={
}

Java Threads: ( => current thread )

Other Threads:
  0x0000022029de6640 WorkerThread "GC Thread#0" [stack: 0x000000b5e0e00000,0x000000b5e0f00000] [id=38136]
  0x0000022029df71c0 ConcurrentGCThread "G1 Main Marker" [stack: 0x000000b5e0f00000,0x000000b5e1000000] [id=25156]
  0x0000022029df7bb0 WorkerThread "G1 Conc#0" [stack: 0x000000b5e1000000,0x000000b5e1100000] [id=31212]

[error occurred during error reporting (printing all threads), id 0xc0000005, EXCEPTION_ACCESS_VIOLATION (0xc0000005) at pc=0x00007ffe5b68c5c7]

VM state: not at safepoint (not fully initialized)

VM Mutex/Monitor currently owned by a thread:  ([mutex/lock_event])
[0x0000022029d74430] Heap_lock - owner thread: 0x0000022029d77dc0

Heap address: 0x0000000703a00000, size: 4038 MB, Compressed Oops mode: Zero based, Oop shift amount: 3

CDS archive(s) mapped at: [0x0000000000000000-0x0000000000000000-0x0000000000000000), size 0, SharedBaseAddress: 0x0000000800000000, ArchiveRelocationMode: 0.
Narrow klass base: 0x0000000000000000, Narrow klass shift: 0, Narrow klass range: 0x0

GC Precious Log:
 CardTable entry size: 512
 Card Set container configuration: InlinePtr #cards 4 size 8 Array Of Cards #cards 16 size 48 Howl #buckets 8 coarsen threshold 3686 Howl Bitmap #cards 512 size 80 coarsen threshold 460 Card regions per heap region 1 cards per card region 4096

Heap:
 garbage-first heap   total 0K, used 0K [0x0000000703a00000, 0x0000000800000000)
  region size 2048K, 0 young (0K), 0 survivors (0K)

[error occurred during error reporting (printing heap information), id 0xc0000005, EXCEPTION_ACCESS_VIOLATION (0xc0000005) at pc=0x00007ffe5ba5d5a9]

GC Heap History (0 events):
No events

Deoptimization events (0 events):
No events

Classes loaded (0 events):
No events

Classes unloaded (0 events):
No events

Classes redefined (0 events):
No events

Internal exceptions (0 events):
No events

VM Operations (0 events):
No events

Events (1 events):
Event: 0.007 Loaded shared library C:\Users\pages\.jdks\corretto-18.0.2\bin\java.dll


Dynamic libraries:
0x00007ff6a8470000 - 0x00007ff6a847d000 	C:\Users\pages\.jdks\corretto-18.0.2\bin\java.exe
0x00007ffece970000 - 0x00007ffeceb84000 	C:\WINDOWS\SYSTEM32\ntdll.dll
0x00007ffecdb20000 - 0x00007ffecdbe2000 	C:\WINDOWS\System32\KERNEL32.DLL
0x00007ffecbda0000 - 0x00007ffecc13d000 	C:\WINDOWS\System32\KERNELBASE.dll
0x00007ffecc410000 - 0x00007ffecc521000 	C:\WINDOWS\System32\ucrtbase.dll
0x00007ffebebb0000 - 0x00007ffebebc7000 	C:\Users\pages\.jdks\corretto-18.0.2\bin\jli.dll
0x00007ffec4f90000 - 0x00007ffec4fa5000 	C:\Users\pages\.jdks\corretto-18.0.2\bin\VCRUNTIME140.dll
0x00007ffecc920000 - 0x00007ffeccacd000 	C:\WINDOWS\System32\USER32.dll
0x00007ffecc320000 - 0x00007ffecc346000 	C:\WINDOWS\System32\win32u.dll
0x00007ffeb3d30000 - 0x00007ffeb3fbe000 	C:\WINDOWS\WinSxS\amd64_microsoft.windows.common-controls_6595b64144ccf1df_6.0.22621.436_none_a94247dbc10d8414\COMCTL32.dll
0x00007ffecdbf0000 - 0x00007ffecdc19000 	C:\WINDOWS\System32\GDI32.dll
0x00007ffecdc20000 - 0x00007ffecdcc7000 	C:\WINDOWS\System32\msvcrt.dll
0x00007ffecc5b0000 - 0x00007ffecc6c2000 	C:\WINDOWS\System32\gdi32full.dll
0x00007ffecc6d0000 - 0x00007ffecc76a000 	C:\WINDOWS\System32\msvcp_win.dll
0x00007ffeccff0000 - 0x00007ffecd022000 	C:\WINDOWS\System32\IMM32.DLL
0x00007ffea4e50000 - 0x00007ffea4eeb000 	C:\Users\pages\.jdks\corretto-18.0.2\bin\msvcp140.dll
0x00007ffe5b380000 - 0x00007ffe5bff1000 	C:\Users\pages\.jdks\corretto-18.0.2\bin\server\jvm.dll
0x00007ffeccd30000 - 0x00007ffeccdde000 	C:\WINDOWS\System32\ADVAPI32.dll
0x00007ffece880000 - 0x00007ffece924000 	C:\WINDOWS\System32\sechost.dll
0x00007ffecc770000 - 0x00007ffecc885000 	C:\WINDOWS\System32\RPCRT4.dll
0x00007ffecdd50000 - 0x00007ffecdd58000 	C:\WINDOWS\System32\PSAPI.DLL
0x00007ffeb53a0000 - 0x00007ffeb53a9000 	C:\WINDOWS\SYSTEM32\WSOCK32.dll
0x00007ffecc890000 - 0x00007ffecc901000 	C:\WINDOWS\System32\WS2_32.dll
0x00007ffec03e0000 - 0x00007ffec0414000 	C:\WINDOWS\SYSTEM32\WINMM.dll
0x00007ffec41a0000 - 0x00007ffec41aa000 	C:\WINDOWS\SYSTEM32\VERSION.dll
0x00007ffecaec0000 - 0x00007ffecaed8000 	C:\WINDOWS\SYSTEM32\kernel.appcore.dll
0x00007ffec8c30000 - 0x00007ffec8c3a000 	C:\Users\pages\.jdks\corretto-18.0.2\bin\jimage.dll
0x00007ffec96c0000 - 0x00007ffec98ee000 	C:\WINDOWS\SYSTEM32\DBGHELP.DLL
0x00007ffece4f0000 - 0x00007ffece87a000 	C:\WINDOWS\System32\combase.dll
0x00007ffecd030000 - 0x00007ffecd107000 	C:\WINDOWS\System32\OLEAUT32.dll
0x00007ffec3860000 - 0x00007ffec3892000 	C:\WINDOWS\SYSTEM32\dbgcore.DLL
0x00007ffecc530000 - 0x00007ffecc5ab000 	C:\WINDOWS\System32\bcryptPrimitives.dll
0x00007ffec1f40000 - 0x00007ffec1f4e000 	C:\Users\pages\.jdks\corretto-18.0.2\bin\instrument.dll
0x00007ffebeb80000 - 0x00007ffebeba5000 	C:\Users\pages\.jdks\corretto-18.0.2\bin\java.dll

dbghelp: loaded successfully - version: 4.0.5 - missing functions: none
symbol engine: initialized successfully - sym options: 0x614 - pdb path: .;C:\Users\pages\.jdks\corretto-18.0.2\bin;C:\WINDOWS\SYSTEM32;C:\WINDOWS\WinSxS\amd64_microsoft.windows.common-controls_6595b64144ccf1df_6.0.22621.436_none_a94247dbc10d8414;C:\Users\pages\.jdks\corretto-18.0.2\bin\server

VM Arguments:
jvm_args: -javaagent:D:\idea\IntelliJ IDEA 2021.3.2\lib\idea_rt.jar=7047:D:\idea\IntelliJ IDEA 2021.3.2\bin -Dfile.encoding=UTF-8 
java_command: com.indexss.Client
java_class_path (initial): D:\cet6game\out\production\cet6game
Launcher Type: SUN_STANDARD

[Global flags]
     intx CICompilerCount                          = 12                                        {product} {ergonomic}
     uint ConcGCThreads                            = 3                                         {product} {ergonomic}
     uint G1ConcRefinementThreads                  = 13                                        {product} {ergonomic}
   size_t G1HeapRegionSize                         = 2097152                                   {product} {ergonomic}
    uintx GCDrainStackTargetSize                   = 64                                        {product} {ergonomic}
   size_t InitialHeapSize                          = 266338304                                 {product} {ergonomic}
   size_t MarkStackSize                            = 4194304                                   {product} {ergonomic}
   size_t MaxHeapSize                              = 4234149888                                {product} {ergonomic}
   size_t MinHeapDeltaBytes                        = 2097152                                   {product} {ergonomic}
   size_t MinHeapSize                              = 8388608                                   {product} {ergonomic}
    uintx NonNMethodCodeHeapSize                   = 7602480                                {pd product} {ergonomic}
    uintx NonProfiledCodeHeapSize                  = 122027880                              {pd product} {ergonomic}
    uintx ProfiledCodeHeapSize                     = 122027880                              {pd product} {ergonomic}
    uintx ReservedCodeCacheSize                    = 251658240                              {pd product} {ergonomic}
     bool SegmentedCodeCache                       = true                                      {product} {ergonomic}
   size_t SoftMaxHeapSize                          = 4234149888                             {manageable} {ergonomic}
     bool UseCompressedClassPointers               = true                           {product lp64_product} {ergonomic}
     bool UseCompressedOops                        = true                           {product lp64_product} {ergonomic}
     bool UseG1GC                                  = true                                      {product} {ergonomic}
     bool UseLargePagesIndividualAllocation        = false                                  {pd product} {ergonomic}

Logging:
Log output configuration:
 #0: stdout all=warning uptime,level,tags foldmultilines=false
 #1: stderr all=off uptime,level,tags foldmultilines=false

Environment Variables:
PATH=C:\Program Files (x86)\Common Files\Oracle\Java\javapath;C:\WINDOWS\system32;C:\WINDOWS;C:\WINDOWS\System32\Wbem;C:\WINDOWS\System32\WindowsPowerShell\v1.0\;C:\WINDOWS\System32\OpenSSH\;C:\Program Files\Bandizip\;C:\Program Files\Git\cmd;C:\Program Files\dotnet\;C:\Program Files\Docker\Docker\resources\bin;F:\miniconda;F:\miniconda\Library\mingw-w64\bin;F:\miniconda\Library\usr\bin;F:\miniconda\Library\bin;F:\miniconda\Scripts;F:\mingw64\bin;F:\Cmake\bin;C:\Users\pages\AppData\Local\Programs\Python\Python39\Scripts\;C:\Users\pages\AppData\Local\Programs\Python\Python39\;C:\Users\pages\AppData\Local\Microsoft\WindowsApps;D:\pycharm\PyCharm 2021.3.1\bin;;D:\idea\IntelliJ IDEA 2021.3.2\bin;;D:\Microsoft VS Code\bin;C:\Users\pages\.dotnet\tools
USERNAME=shilinli
OS=Windows_NT
PROCESSOR_IDENTIFIER=Intel64 Family 6 Model 141 Stepping 1, GenuineIntel



---------------  S Y S T E M  ---------------

OS:
 Windows 11 , 64 bit Build 22621 (10.0.22621.891)
OS uptime: 5 days 12:23 hours
Hyper-V role detected

CPU: total 16 (initial active 16) (8 cores per cpu, 2 threads per core) family 6 model 141 stepping 1 microcode 0x3e, cx8, cmov, fxsr, ht, mmx, 3dnowpref, sse, sse2, sse3, ssse3, sse4.1, sse4.2, popcnt, lzcnt, tsc, tscinvbit, avx, avx2, aes, erms, clmul, bmi1, bmi2, adx, avx512f, avx512dq, avx512cd, avx512bw, avx512vl, sha, fma, vzeroupper, avx512_vpopcntdq, avx512_vpclmulqdq, avx512_vaes, avx512_vnni, clflush, clflushopt, clwb, avx512_vbmi2, avx512_vbmi, hv

Memory: 4k page, system-wide physical 16151M (1593M free)
TotalPageFile size 32102M (AvailPageFile size 129M)
current process WorkingSet (physical memory assigned to process): 11M, peak: 11M
current process commit charge ("private bytes"): 71M, peak: 325M

vm_info: OpenJDK 64-Bit Server VM (18.0.2+9-FR) for windows-amd64 JRE (18.0.2+9-FR), built on Jul 15 2022 20:03:03 by "Administrator" with MS VC++ 15.9 (VS2017)

END.
